Flow report for jpd_mux_8x1_8bit
Sun Apr 02 22:41:18 2023
Quartus II 64-Bit Version 13.1.0 Build 162 10/23/2013 SJ Web Edition


---------------------
; Table of Contents ;
---------------------
  1. Legal Notice
  2. Flow Summary
  3. Flow Settings
  4. Flow Non-Default Global Settings
  5. Flow Elapsed Time
  6. Flow OS Summary
  7. Flow Log
  8. Flow Messages
  9. Flow Suppressed Messages



----------------
; Legal Notice ;
----------------
Copyright (C) 1991-2013 Altera Corporation
Your use of Altera Corporation's design tools, logic functions 
and other software and tools, and its AMPP partner logic 
functions, and any output files from any of the foregoing 
(including device programming or simulation files), and any 
associated documentation or information are expressly subject 
to the terms and conditions of the Altera Program License 
Subscription Agreement, Altera MegaCore Function License 
Agreement, or other applicable license agreement, including, 
without limitation, that your use is for the sole purpose of 
programming logic devices manufactured by Altera and sold by 
Altera or its authorized distributors.  Please refer to the 
applicable agreement for further details.



+---------------------------------------------------------------------------------+
; Flow Summary                                                                    ;
+------------------------------------+--------------------------------------------+
; Flow Status                        ; Successful - Sun Apr 02 22:41:18 2023      ;
; Quartus II 64-Bit Version          ; 13.1.0 Build 162 10/23/2013 SJ Web Edition ;
; Revision Name                      ; jpd_mux_8x1_8bit                           ;
; Top-level Entity Name              ; jpd_mux_8x1_8bit                           ;
; Family                             ; Cyclone IV GX                              ;
; Total logic elements               ; 44 / 21,280 ( < 1 % )                      ;
;     Total combinational functions  ; 44 / 21,280 ( < 1 % )                      ;
;     Dedicated logic registers      ; 0 / 21,280 ( 0 % )                         ;
; Total registers                    ; 0                                          ;
; Total pins                         ; 75 / 167 ( 45 % )                          ;
; Total virtual pins                 ; 0                                          ;
; Total memory bits                  ; 0 / 774,144 ( 0 % )                        ;
; Embedded Multiplier 9-bit elements ; 0 / 80 ( 0 % )                             ;
; Total GXB Receiver Channel PCS     ; 0 / 4 ( 0 % )                              ;
; Total GXB Receiver Channel PMA     ; 0 / 4 ( 0 % )                              ;
; Total GXB Transmitter Channel PCS  ; 0 / 4 ( 0 % )                              ;
; Total GXB Transmitter Channel PMA  ; 0 / 4 ( 0 % )                              ;
; Total PLLs                         ; 0 / 4 ( 0 % )                              ;
; Device                             ; EP4CGX22CF19C6                             ;
; Timing Models                      ; Final                                      ;
+------------------------------------+--------------------------------------------+


+-----------------------------------------+
; Flow Settings                           ;
+-------------------+---------------------+
; Option            ; Setting             ;
+-------------------+---------------------+
; Start date & time ; 04/01/2023 18:26:22 ;
; Main task         ; Compilation         ;
; Revision Name     ; jpd_mux_8x1_8bit    ;
+-------------------+---------------------+


+-------------------------------------------------------------------------------------------------------------------------------------------+
; Flow Non-Default Global Settings                                                                                                          ;
+-------------------------------------+------------------------------------------------------+---------------+-------------+----------------+
; Assignment Name                     ; Value                                                ; Default Value ; Entity Name ; Section Id     ;
+-------------------------------------+------------------------------------------------------+---------------+-------------+----------------+
; COMPILER_SIGNATURE_ID               ; 105658702346952.168038438228016                      ; --            ; --          ; --             ;
; EDA_GENERATE_FUNCTIONAL_NETLIST     ; On                                                   ; --            ; --          ; eda_simulation ;
; EDA_NETLIST_WRITER_OUTPUT_DIR       ; C:/Users/ayala/Desktop/top/quartus2/simulation/qsim/ ; --            ; --          ; eda_simulation ;
; EDA_OUTPUT_DATA_FORMAT              ; Verilog Hdl                                          ; --            ; --          ; eda_simulation ;
; EDA_SIMULATION_TOOL                 ; ModelSim-Altera (Verilog)                            ; <None>        ; --          ; --             ;
; PARTITION_COLOR                     ; 16764057                                             ; --            ; --          ; Top            ;
; PARTITION_FITTER_PRESERVATION_LEVEL ; PLACEMENT_AND_ROUTING                                ; --            ; --          ; Top            ;
; PARTITION_NETLIST_TYPE              ; SOURCE                                               ; --            ; --          ; Top            ;
; PROJECT_OUTPUT_DIRECTORY            ; output_files                                         ; --            ; --          ; --             ;
+-------------------------------------+------------------------------------------------------+---------------+-------------+----------------+


+-------------------------------------------------------------------------------------------------------------------------------+
; Flow Elapsed Time                                                                                                             ;
+---------------------------+--------------+-------------------------+---------------------+------------------------------------+
; Module Name               ; Elapsed Time ; Average Processors Used ; Peak Virtual Memory ; Total CPU Time (on all processors) ;
+---------------------------+--------------+-------------------------+---------------------+------------------------------------+
; Analysis & Synthesis      ; 00:00:01     ; 1.0                     ; 4721 MB             ; 00:00:01                           ;
; Fitter                    ; 00:00:05     ; 1.0                     ; 5953 MB             ; 00:00:04                           ;
; Assembler                 ; 00:00:01     ; 1.0                     ; 4649 MB             ; 00:00:01                           ;
; TimeQuest Timing Analyzer ; 00:00:01     ; 1.0                     ; 4786 MB             ; 00:00:01                           ;
; EDA Netlist Writer        ; 00:00:01     ; 1.0                     ; 4598 MB             ; 00:00:00                           ;
; EDA Netlist Writer        ; 00:00:00     ; 1.0                     ; 4608 MB             ; 00:00:00                           ;
; EDA Netlist Writer        ; 00:00:00     ; 1.0                     ; 4624 MB             ; 00:00:00                           ;
; EDA Netlist Writer        ; 00:00:01     ; 1.0                     ; 4608 MB             ; 00:00:00                           ;
; EDA Netlist Writer        ; 00:00:01     ; 1.0                     ; 4614 MB             ; 00:00:00                           ;
; EDA Netlist Writer        ; 00:00:00     ; 1.0                     ; 4608 MB             ; 00:00:00                           ;
; EDA Netlist Writer        ; 00:00:01     ; 1.0                     ; 4614 MB             ; 00:00:00                           ;
; Total                     ; 00:00:12     ; --                      ; --                  ; 00:00:07                           ;
+---------------------------+--------------+-------------------------+---------------------+------------------------------------+


+----------------------------------------------------------------------------------------+
; Flow OS Summary                                                                        ;
+---------------------------+------------------+-----------+------------+----------------+
; Module Name               ; Machine Hostname ; OS Name   ; OS Version ; Processor type ;
+---------------------------+------------------+-----------+------------+----------------+
; Analysis & Synthesis      ; DESKTOP-BDUIPJG  ; Windows 7 ; 6.2        ; x86_64         ;
; Fitter                    ; DESKTOP-BDUIPJG  ; Windows 7 ; 6.2        ; x86_64         ;
; Assembler                 ; DESKTOP-BDUIPJG  ; Windows 7 ; 6.2        ; x86_64         ;
; TimeQuest Timing Analyzer ; DESKTOP-BDUIPJG  ; Windows 7 ; 6.2        ; x86_64         ;
; EDA Netlist Writer        ; DESKTOP-BDUIPJG  ; Windows 7 ; 6.2        ; x86_64         ;
; EDA Netlist Writer        ; DESKTOP-BDUIPJG  ; Windows 7 ; 6.2        ; x86_64         ;
; EDA Netlist Writer        ; DESKTOP-BDUIPJG  ; Windows 7 ; 6.2        ; x86_64         ;
; EDA Netlist Writer        ; DESKTOP-BDUIPJG  ; Windows 7 ; 6.2        ; x86_64         ;
; EDA Netlist Writer        ; DESKTOP-BDUIPJG  ; Windows 7 ; 6.2        ; x86_64         ;
; EDA Netlist Writer        ; DESKTOP-BDUIPJG  ; Windows 7 ; 6.2        ; x86_64         ;
; EDA Netlist Writer        ; DESKTOP-BDUIPJG  ; Windows 7 ; 6.2        ; x86_64         ;
+---------------------------+------------------+-----------+------------+----------------+


------------
; Flow Log ;
------------
quartus_map --read_settings_files=on --write_settings_files=off jpd_mux_8x1_8bit -c jpd_mux_8x1_8bit
quartus_fit --read_settings_files=off --write_settings_files=off jpd_mux_8x1_8bit -c jpd_mux_8x1_8bit
quartus_asm --read_settings_files=off --write_settings_files=off jpd_mux_8x1_8bit -c jpd_mux_8x1_8bit
quartus_sta jpd_mux_8x1_8bit -c jpd_mux_8x1_8bit
quartus_eda --read_settings_files=off --write_settings_files=off jpd_mux_8x1_8bit -c jpd_mux_8x1_8bit
quartus_eda --gen_testbench --check_outputs=on --tool=modelsim_oem --format=verilog jpd_mux_8x1_8bit -c jpd_mux_8x1_8bit --vector_source=C:/Users/ayala/Desktop/top/quartus2/mux_8x1_8bit_simulation.vwf --testbench_file=C:/Users/ayala/Desktop/top/quartus2/simulation/qsim/mux_8x1_8bit_simulation.vwf.vt
quartus_eda --functional=on --flatten_buses=off --simulation=on --tool=modelsim_oem --format=verilog --output_directory=C:/Users/ayala/Desktop/top/quartus2/simulation/qsim/ jpd_mux_8x1_8bit -c jpd_mux_8x1_8bit
quartus_eda --gen_testbench --check_outputs=on --tool=modelsim_oem --format=verilog jpd_mux_8x1_8bit -c jpd_mux_8x1_8bit --vector_source=C:/Users/ayala/Desktop/top/quartus2/mux_8x1_8bit_simulation.vwf --testbench_file=C:/Users/ayala/Desktop/top/quartus2/simulation/qsim/mux_8x1_8bit_simulation.vwf.vt
quartus_eda --functional=on --flatten_buses=off --simulation=on --tool=modelsim_oem --format=verilog --output_directory=C:/Users/ayala/Desktop/top/quartus2/simulation/qsim/ jpd_mux_8x1_8bit -c jpd_mux_8x1_8bit
quartus_eda --gen_testbench --check_outputs=on --tool=modelsim_oem --format=verilog jpd_mux_8x1_8bit -c jpd_mux_8x1_8bit --vector_source=C:/Users/ayala/Desktop/top/quartus2/mux_8x1_8bit_simulation.vwf --testbench_file=C:/Users/ayala/Desktop/top/quartus2/simulation/qsim/mux_8x1_8bit_simulation.vwf.vt
quartus_eda --functional=on --flatten_buses=off --simulation=on --tool=modelsim_oem --format=verilog --output_directory=C:/Users/ayala/Desktop/top/quartus2/simulation/qsim/ jpd_mux_8x1_8bit -c jpd_mux_8x1_8bit



